<?xml version="1.0" encoding="UTF-8" ?>
<testsuite tests="35" failures="0" name="cucumberTest.TestRunner" time="0.008" errors="0" skipped="0">
  <properties>
    <property name="java.runtime.name" value="Java(TM) SE Runtime Environment"/>
    <property name="sun.boot.library.path" value="C:\Program Files\Java\jdk1.8.0_241\jre\bin"/>
    <property name="java.vm.version" value="25.241-b07"/>
    <property name="java.vm.vendor" value="Oracle Corporation"/>
    <property name="maven.multiModuleProjectDirectory" value="C:\Users\ankush.grover\eclipse-workspace\alertWorkspaceapitesting"/>
    <property name="java.vendor.url" value="http://java.oracle.com/"/>
    <property name="path.separator" value=";"/>
    <property name="guice.disable.misplaced.annotation.check" value="true"/>
    <property name="java.vm.name" value="Java HotSpot(TM) 64-Bit Server VM"/>
    <property name="file.encoding.pkg" value="sun.io"/>
    <property name="user.script" value=""/>
    <property name="user.country" value="US"/>
    <property name="sun.java.launcher" value="SUN_STANDARD"/>
    <property name="sun.os.patch.level" value=""/>
    <property name="java.vm.specification.name" value="Java Virtual Machine Specification"/>
    <property name="user.dir" value="C:\Users\ankush.grover\eclipse-workspace\alertWorkspaceapitesting"/>
    <property name="java.runtime.version" value="1.8.0_241-b07"/>
    <property name="java.awt.graphicsenv" value="sun.awt.Win32GraphicsEnvironment"/>
    <property name="java.endorsed.dirs" value="C:\Program Files\Java\jdk1.8.0_241\jre\lib\endorsed"/>
    <property name="os.arch" value="amd64"/>
    <property name="java.io.tmpdir" value="C:\Users\ANKUSH~1.GRO\AppData\Local\Temp\"/>
    <property name="line.separator" value="
"/>
    <property name="java.vm.specification.vendor" value="Oracle Corporation"/>
    <property name="user.variant" value=""/>
    <property name="os.name" value="Windows 10"/>
    <property name="classworlds.conf" value="C:\Users\ankush.grover\eclipse-workspace\.metadata\.plugins\org.eclipse.m2e.launching\launches\m2conf3205628516164083529.tmp"/>
    <property name="sun.jnu.encoding" value="Cp1252"/>
    <property name="java.library.path" value="C:\Program Files\Java\jdk1.8.0_241\bin;C:\WINDOWS\Sun\Java\bin;C:\WINDOWS\system32;C:\WINDOWS;C:/Program Files/Java/jre1.8.0_241/bin/server;C:/Program Files/Java/jre1.8.0_241/bin;C:/Program Files/Java/jre1.8.0_241/lib/amd64;C:\Program Files (x86)\Common Files\Oracle\Java\javapath;C:\ProgramData\Oracle\Java\javapath;C:\WINDOWS\system32;C:\WINDOWS;C:\WINDOWS\System32\Wbem;C:\WINDOWS\System32\WindowsPowerShell\v1.0\;C:\WINDOWS\System32\OpenSSH\;C:\Program Files (x86)\Microsoft SQL Server\110\Tools\Binn\ManagementStudio\;C:\Program Files (x86)\Microsoft SQL Server\110\Tools\Binn\;C:\Program Files\Microsoft SQL Server\110\Tools\Binn\;C:\Program Files (x86)\Microsoft SQL Server\110\DTS\Binn\;C:\Program Files\Microsoft SQL Server\Client SDK\ODBC\110\Tools\Binn\;C:\Program Files (x86)\Microsoft SQL Server\120\Tools\Binn\;C:\Program Files\Microsoft SQL Server\120\Tools\Binn\;C:\Program Files\Microsoft SQL Server\120\DTS\Binn\;C:\Users\ankush.grover\Desktop\sqlqnium web driver;C:\Users\ankush.grover\Desktop\Automation\apache-ant-1.9.14\bin;C:\Program Files\Java\jdk1.8.0_191\bin;D:\node\installation;C:\Users\ankush.grover\AppData\Roaming\npm;C:\Program Files\TortoiseSVN\bin;C:\Program Files\Intel\WiFi\bin\;C:\Program Files\Common Files\Intel\WirelessCommon\;D:\AlertWorkspace\apache-maven-3.6.3-bin\apache-maven-3.6.3\bin;C:\Program Files\Git\cmd;C:\Users\ankush.grover\AppData\Local\Microsoft\WindowsApps;;C:\Users\ankush.grover\Desktop;;."/>
    <property name="java.specification.name" value="Java Platform API Specification"/>
    <property name="java.class.version" value="52.0"/>
    <property name="sun.management.compiler" value="HotSpot 64-Bit Tiered Compilers"/>
    <property name="os.version" value="10.0"/>
    <property name="user.home" value="C:\Users\ankush.grover"/>
    <property name="user.timezone" value="Asia/Calcutta"/>
    <property name="java.awt.printerjob" value="sun.awt.windows.WPrinterJob"/>
    <property name="java.specification.version" value="1.8"/>
    <property name="file.encoding" value="Cp1252"/>
    <property name="user.name" value="ankush.grover"/>
    <property name="java.class.path" value="C:\Users\ankush.grover\.p2\pool\plugins\org.eclipse.m2e.maven.runtime_1.15.0.20200310-1832\jars\plexus-classworlds-2.6.0.jar"/>
    <property name="java.vm.specification.version" value="1.8"/>
    <property name="sun.arch.data.model" value="64"/>
    <property name="java.home" value="C:\Program Files\Java\jdk1.8.0_241\jre"/>
    <property name="sun.java.command" value="org.codehaus.plexus.classworlds.launcher.Launcher -B install"/>
    <property name="java.specification.vendor" value="Oracle Corporation"/>
    <property name="user.language" value="en"/>
    <property name="awt.toolkit" value="sun.awt.windows.WToolkit"/>
    <property name="java.vm.info" value="mixed mode"/>
    <property name="java.version" value="1.8.0_241"/>
    <property name="java.ext.dirs" value="C:\Program Files\Java\jdk1.8.0_241\jre\lib\ext;C:\WINDOWS\Sun\Java\lib\ext"/>
    <property name="sun.boot.class.path" value="C:\Program Files\Java\jdk1.8.0_241\jre\lib\resources.jar;C:\Program Files\Java\jdk1.8.0_241\jre\lib\rt.jar;C:\Program Files\Java\jdk1.8.0_241\jre\lib\sunrsasign.jar;C:\Program Files\Java\jdk1.8.0_241\jre\lib\jsse.jar;C:\Program Files\Java\jdk1.8.0_241\jre\lib\jce.jar;C:\Program Files\Java\jdk1.8.0_241\jre\lib\charsets.jar;C:\Program Files\Java\jdk1.8.0_241\jre\lib\jfr.jar;C:\Program Files\Java\jdk1.8.0_241\jre\classes"/>
    <property name="java.vendor" value="Oracle Corporation"/>
    <property name="maven.home" value="C:\Users\ankush.grover\eclipse-workspace\alertWorkspaceapitesting\EMBEDDED"/>
    <property name="file.separator" value="\"/>
    <property name="java.vendor.url.bug" value="http://bugreport.sun.com/bugreport/"/>
    <property name="sun.cpu.endian" value="little"/>
    <property name="sun.io.unicode.encoding" value="UnicodeLittle"/>
    <property name="sun.desktop" value="windows"/>
    <property name="sun.cpu.isalist" value="amd64"/>
  </properties>
  <testcase classname="| admin | Alert1234 |" name="Given User is on Login Page and tries to login with &quot;&lt;valid&gt;&quot; username and &quot;&lt;valid&gt;&quot; password" time="0.004"/>
  <testcase classname="| admin | Alert1234 |" name="When user enters  &quot;admin&quot; and  &quot;Alert1234&quot; and generates a unique access_token" time="0"/>
  <testcase classname="| admin | Alert1234 |" name="Then user is loggedIn &quot;successfully&quot; with status code 200" time="0"/>
  <testcase classname="| admin | Alert1234 |" name="And &quot;success&quot; is &quot;true&quot;" time="0"/>
  <testcase classname="| admin | Alert1234 |" name="| admin | Alert1234 |" time="0"/>
  <testcase classname="|  |  |" name="Given User is on Login Page and tries to login with &quot;&lt;blank&gt;&quot; username and &quot;&lt;blank&gt;&quot; password" time="0"/>
  <testcase classname="|  |  |" name="When user enters  &quot;&quot; and  &quot;&quot; and generates a unique access_token" time="0"/>
  <testcase classname="|  |  |" name="Then user is loggedIn &quot;failed&quot; with status code 500" time="0"/>
  <testcase classname="|  |  |" name="And &quot;success&quot; is &quot;false&quot;" time="0"/>
  <testcase classname="|  |  |" name="|  |  |" time="0"/>
  <testcase classname="| admin |  |" name="Given User is on Login Page and tries to login with &quot;&lt;valid&gt;&quot; username and &quot;&lt;blank&gt;&quot; password" time="0"/>
  <testcase classname="| admin |  |" name="When user enters  &quot;admin&quot; and  &quot;&quot; and generates a unique access_token" time="0"/>
  <testcase classname="| admin |  |" name="Then user is loggedIn &quot;failed&quot; with status code 500" time="0"/>
  <testcase classname="| admin |  |" name="And &quot;success&quot; is &quot;false&quot;" time="0"/>
  <testcase classname="| admin |  |" name="| admin |  |" time="0.001"/>
  <testcase classname="|  | Alert1234 |" name="Given User is on Login Page and tries to login with &quot;&lt;valid&gt;&quot; username and &quot;&lt;blank&gt;&quot; password" time="0"/>
  <testcase classname="|  | Alert1234 |" name="When user enters  &quot;&quot; and  &quot;Alert1234&quot; and generates a unique access_token" time="0"/>
  <testcase classname="|  | Alert1234 |" name="Then user is loggedIn &quot;failed&quot; with status code 500" time="0"/>
  <testcase classname="|  | Alert1234 |" name="And &quot;success&quot; is &quot;false&quot;" time="0"/>
  <testcase classname="|  | Alert1234 |" name="|  | Alert1234 |" time="0.002"/>
  <testcase classname="| Invalid_username | Invalid_password |" name="Given User is on Login Page and tries to login with &quot;&lt;Invalid&gt;&quot; username and &quot;&lt;Invalid&gt;&quot; password" time="0.001"/>
  <testcase classname="| Invalid_username | Invalid_password |" name="When user enters  &quot;Invalid_username&quot; and  &quot;Invalid_password&quot; and generates a unique access_token" time="0"/>
  <testcase classname="| Invalid_username | Invalid_password |" name="Then user is loggedIn &quot;failed&quot; with status code 500" time="0"/>
  <testcase classname="| Invalid_username | Invalid_password |" name="And &quot;success&quot; is &quot;false&quot;" time="0"/>
  <testcase classname="| Invalid_username | Invalid_password |" name="| Invalid_username | Invalid_password |" time="0"/>
  <testcase classname="| admin | Invalid_password |" name="Given User is on Login Page and tries to login with &quot;&lt;valid&gt;&quot; username and &quot;&lt;Invalid&gt;&quot; password" time="0"/>
  <testcase classname="| admin | Invalid_password |" name="When user enters  &quot;admin&quot; and  &quot;Invalid_password&quot; and generates a unique access_token" time="0"/>
  <testcase classname="| admin | Invalid_password |" name="Then user is loggedIn &quot;failed&quot; with status code 500" time="0"/>
  <testcase classname="| admin | Invalid_password |" name="And &quot;success&quot; is &quot;false&quot;" time="0"/>
  <testcase classname="| admin | Invalid_password |" name="| admin | Invalid_password |" time="0"/>
  <testcase classname="| Invalid_username | Alert1234 |" name="Given User is on Login Page and tries to login with &quot;&lt;invalid&gt;&quot; username and &quot;&lt;Invalid&gt;&quot; password" time="0"/>
  <testcase classname="| Invalid_username | Alert1234 |" name="When user enters  &quot;Invalid_username&quot; and  &quot;Alert1234&quot; and generates a unique access_token" time="0"/>
  <testcase classname="| Invalid_username | Alert1234 |" name="Then user is loggedIn &quot;failed&quot; with status code 500" time="0"/>
  <testcase classname="| Invalid_username | Alert1234 |" name="And &quot;success&quot; is &quot;false&quot;" time="0"/>
  <testcase classname="| Invalid_username | Alert1234 |" name="| Invalid_username | Alert1234 |" time="0"/>
</testsuite>